#logback.classic pattern: [REQUEST2] [%-5level] %d{yyyy-MM-dd HH:mm:ss} [%thread] [%logger{40}:%line] - %msg%n
[REQUEST2] [INFO ] 2023-01-03 11:01:13 [main] [dev.be.logbaack.LogbaackApplication:55] - Starting LogbaackApplication using Java 11.0.17 on DESKTOP-AQ1UVGG with PID 10020 (C:\Users\jaeyun\IdeaProjects\logbaack\build\classes\java\main started by jaeyun in C:\Users\jaeyun\IdeaProjects\logbaack)
[REQUEST2] [INFO ] 2023-01-03 11:01:13 [main] [dev.be.logbaack.LogbaackApplication:637] - The following 1 profile is active: "prod"
[REQUEST2] [INFO ] 2023-01-03 11:01:14 [main] [o.s.b.w.embedded.tomcat.TomcatWebServer:108] - Tomcat initialized with port(s): 8080 (http)
[REQUEST2] [INFO ] 2023-01-03 11:01:14 [main] [org.apache.catalina.core.StandardService:173] - Starting service [Tomcat]
[REQUEST2] [INFO ] 2023-01-03 11:01:14 [main] [org.apache.catalina.core.StandardEngine:173] - Starting Servlet engine: [Apache Tomcat/9.0.70]
[REQUEST2] [INFO ] 2023-01-03 11:01:14 [main] [o.a.c.c.C.[Tomcat].[localhost].[/]:173] - Initializing Spring embedded WebApplicationContext
[REQUEST2] [INFO ] 2023-01-03 11:01:14 [main] [o.s.b.w.s.c.ServletWebServerApplicationContext:292] - Root WebApplicationContext: initialization completed in 955 ms
[REQUEST2] [INFO ] 2023-01-03 11:01:14 [main] [o.s.b.w.embedded.tomcat.TomcatWebServer:220] - Tomcat started on port(s): 8080 (http) with context path ''
[REQUEST2] [INFO ] 2023-01-03 11:01:15 [main] [dev.be.logbaack.LogbaackApplication:61] - Started LogbaackApplication in 1.933 seconds (JVM running for 2.95)
[REQUEST2] [INFO ] 2023-01-03 11:01:26 [http-nio-8080-exec-1] [o.a.c.c.C.[Tomcat].[localhost].[/]:173] - Initializing Spring DispatcherServlet 'dispatcherServlet'
[REQUEST2] [INFO ] 2023-01-03 11:01:26 [http-nio-8080-exec-1] [o.s.web.servlet.DispatcherServlet:525] - Initializing Servlet 'dispatcherServlet'
[REQUEST2] [INFO ] 2023-01-03 11:01:26 [http-nio-8080-exec-1] [o.s.web.servlet.DispatcherServlet:547] - Completed initialization in 1 ms
[REQUEST2] [INFO ] 2023-01-03 11:01:26 [http-nio-8080-exec-1] [d.be.logbaack.controller.DemoController:15] - log --> INFO
[REQUEST2] [WARN ] 2023-01-03 11:01:26 [http-nio-8080-exec-1] [d.be.logbaack.controller.DemoController:16] - log --> WARN
[REQUEST2] [ERROR] 2023-01-03 11:01:26 [http-nio-8080-exec-1] [d.be.logbaack.controller.DemoController:17] - log --> ERROR
#logback.classic pattern: [REQUEST2] [%-5level] %d{yyyy-MM-dd HH:mm:ss} [%thread] [%logger{40}:%line] - %msg%n
[REQUEST2] [INFO ] 2023-01-03 11:02:36 [main] [dev.be.logbaack.LogbaackApplication:55] - Starting LogbaackApplication using Java 11.0.17 on DESKTOP-AQ1UVGG with PID 26676 (C:\Users\jaeyun\IdeaProjects\logbaack\build\classes\java\main started by jaeyun in C:\Users\jaeyun\IdeaProjects\logbaack)
[REQUEST2] [INFO ] 2023-01-03 11:02:36 [main] [dev.be.logbaack.LogbaackApplication:637] - The following 1 profile is active: "prod"
[REQUEST2] [INFO ] 2023-01-03 11:02:36 [main] [o.s.b.w.embedded.tomcat.TomcatWebServer:108] - Tomcat initialized with port(s): 8080 (http)
[REQUEST2] [INFO ] 2023-01-03 11:02:37 [main] [org.apache.catalina.core.StandardService:173] - Starting service [Tomcat]
[REQUEST2] [INFO ] 2023-01-03 11:02:37 [main] [org.apache.catalina.core.StandardEngine:173] - Starting Servlet engine: [Apache Tomcat/9.0.70]
[REQUEST2] [INFO ] 2023-01-03 11:02:37 [main] [o.a.c.c.C.[Tomcat].[localhost].[/]:173] - Initializing Spring embedded WebApplicationContext
[REQUEST2] [INFO ] 2023-01-03 11:02:37 [main] [o.s.b.w.s.c.ServletWebServerApplicationContext:292] - Root WebApplicationContext: initialization completed in 1006 ms
[REQUEST2] [INFO ] 2023-01-03 11:02:37 [main] [o.s.b.w.embedded.tomcat.TomcatWebServer:220] - Tomcat started on port(s): 8080 (http) with context path ''
[REQUEST2] [INFO ] 2023-01-03 11:02:37 [main] [dev.be.logbaack.LogbaackApplication:61] - Started LogbaackApplication in 2.022 seconds (JVM running for 3.039)
[REQUEST2] [INFO ] 2023-01-03 11:02:46 [http-nio-8080-exec-1] [o.a.c.c.C.[Tomcat].[localhost].[/]:173] - Initializing Spring DispatcherServlet 'dispatcherServlet'
[REQUEST2] [INFO ] 2023-01-03 11:02:46 [http-nio-8080-exec-1] [o.s.web.servlet.DispatcherServlet:525] - Initializing Servlet 'dispatcherServlet'
[REQUEST2] [INFO ] 2023-01-03 11:02:46 [http-nio-8080-exec-1] [o.s.web.servlet.DispatcherServlet:547] - Completed initialization in 1 ms
[REQUEST2] [INFO ] 2023-01-03 11:02:46 [http-nio-8080-exec-1] [d.be.logbaack.controller.DemoController:15] - log --> INFO
[REQUEST2] [WARN ] 2023-01-03 11:02:46 [http-nio-8080-exec-1] [d.be.logbaack.controller.DemoController:16] - log --> WARN
[REQUEST2] [ERROR] 2023-01-03 11:02:46 [http-nio-8080-exec-1] [d.be.logbaack.controller.DemoController:17] - log --> ERROR
[REQUEST2] [INFO ] 2023-01-03 11:02:51 [http-nio-8080-exec-2] [d.be.logbaack.controller.DemoController:15] - log --> INFO
[REQUEST2] [WARN ] 2023-01-03 11:02:51 [http-nio-8080-exec-2] [d.be.logbaack.controller.DemoController:16] - log --> WARN
[REQUEST2] [ERROR] 2023-01-03 11:02:51 [http-nio-8080-exec-2] [d.be.logbaack.controller.DemoController:17] - log --> ERROR
[REQUEST2] [INFO ] 2023-01-03 11:02:57 [http-nio-8080-exec-3] [d.be.logbaack.controller.DemoController:15] - log --> INFO
[REQUEST2] [WARN ] 2023-01-03 11:02:57 [http-nio-8080-exec-3] [d.be.logbaack.controller.DemoController:16] - log --> WARN
[REQUEST2] [ERROR] 2023-01-03 11:02:57 [http-nio-8080-exec-3] [d.be.logbaack.controller.DemoController:17] - log --> ERROR
[REQUEST2] [INFO ] 2023-01-03 11:03:00 [http-nio-8080-exec-5] [d.be.logbaack.controller.DemoController:15] - log --> INFO
[REQUEST2] [WARN ] 2023-01-03 11:03:00 [http-nio-8080-exec-5] [d.be.logbaack.controller.DemoController:16] - log --> WARN
[REQUEST2] [ERROR] 2023-01-03 11:03:00 [http-nio-8080-exec-5] [d.be.logbaack.controller.DemoController:17] - log --> ERROR
[REQUEST2] [INFO ] 2023-01-03 11:03:04 [http-nio-8080-exec-7] [d.be.logbaack.controller.DemoController:15] - log --> INFO
[REQUEST2] [WARN ] 2023-01-03 11:03:04 [http-nio-8080-exec-7] [d.be.logbaack.controller.DemoController:16] - log --> WARN
[REQUEST2] [ERROR] 2023-01-03 11:03:04 [http-nio-8080-exec-7] [d.be.logbaack.controller.DemoController:17] - log --> ERROR
[REQUEST2] [INFO ] 2023-01-03 11:03:05 [http-nio-8080-exec-9] [d.be.logbaack.controller.DemoController:15] - log --> INFO
[REQUEST2] [WARN ] 2023-01-03 11:03:05 [http-nio-8080-exec-9] [d.be.logbaack.controller.DemoController:16] - log --> WARN
[REQUEST2] [ERROR] 2023-01-03 11:03:05 [http-nio-8080-exec-9] [d.be.logbaack.controller.DemoController:17] - log --> ERROR
[REQUEST2] [INFO ] 2023-01-03 11:03:05 [http-nio-8080-exec-1] [d.be.logbaack.controller.DemoController:15] - log --> INFO
[REQUEST2] [WARN ] 2023-01-03 11:03:05 [http-nio-8080-exec-1] [d.be.logbaack.controller.DemoController:16] - log --> WARN
[REQUEST2] [ERROR] 2023-01-03 11:03:05 [http-nio-8080-exec-1] [d.be.logbaack.controller.DemoController:17] - log --> ERROR
[REQUEST2] [INFO ] 2023-01-03 11:03:06 [http-nio-8080-exec-3] [d.be.logbaack.controller.DemoController:15] - log --> INFO
[REQUEST2] [WARN ] 2023-01-03 11:03:06 [http-nio-8080-exec-3] [d.be.logbaack.controller.DemoController:16] - log --> WARN
[REQUEST2] [ERROR] 2023-01-03 11:03:06 [http-nio-8080-exec-3] [d.be.logbaack.controller.DemoController:17] - log --> ERROR
[REQUEST2] [INFO ] 2023-01-03 11:03:06 [http-nio-8080-exec-5] [d.be.logbaack.controller.DemoController:15] - log --> INFO
[REQUEST2] [WARN ] 2023-01-03 11:03:06 [http-nio-8080-exec-5] [d.be.logbaack.controller.DemoController:16] - log --> WARN
[REQUEST2] [ERROR] 2023-01-03 11:03:06 [http-nio-8080-exec-5] [d.be.logbaack.controller.DemoController:17] - log --> ERROR
[REQUEST2] [INFO ] 2023-01-03 11:03:06 [http-nio-8080-exec-7] [d.be.logbaack.controller.DemoController:15] - log --> INFO
[REQUEST2] [WARN ] 2023-01-03 11:03:06 [http-nio-8080-exec-7] [d.be.logbaack.controller.DemoController:16] - log --> WARN
[REQUEST2] [ERROR] 2023-01-03 11:03:06 [http-nio-8080-exec-7] [d.be.logbaack.controller.DemoController:17] - log --> ERROR
[REQUEST2] [INFO ] 2023-01-03 11:03:07 [http-nio-8080-exec-9] [d.be.logbaack.controller.DemoController:15] - log --> INFO
[REQUEST2] [WARN ] 2023-01-03 11:03:07 [http-nio-8080-exec-9] [d.be.logbaack.controller.DemoController:16] - log --> WARN
[REQUEST2] [ERROR] 2023-01-03 11:03:07 [http-nio-8080-exec-9] [d.be.logbaack.controller.DemoController:17] - log --> ERROR
[REQUEST2] [INFO ] 2023-01-03 11:03:08 [http-nio-8080-exec-1] [d.be.logbaack.controller.DemoController:15] - log --> INFO
[REQUEST2] [WARN ] 2023-01-03 11:03:08 [http-nio-8080-exec-1] [d.be.logbaack.controller.DemoController:16] - log --> WARN
[REQUEST2] [ERROR] 2023-01-03 11:03:08 [http-nio-8080-exec-1] [d.be.logbaack.controller.DemoController:17] - log --> ERROR
[REQUEST2] [INFO ] 2023-01-03 11:03:12 [http-nio-8080-exec-3] [d.be.logbaack.controller.DemoController:15] - log --> INFO
[REQUEST2] [WARN ] 2023-01-03 11:03:12 [http-nio-8080-exec-3] [d.be.logbaack.controller.DemoController:16] - log --> WARN
[REQUEST2] [ERROR] 2023-01-03 11:03:12 [http-nio-8080-exec-3] [d.be.logbaack.controller.DemoController:17] - log --> ERROR
[REQUEST2] [INFO ] 2023-01-03 11:03:12 [http-nio-8080-exec-5] [d.be.logbaack.controller.DemoController:15] - log --> INFO
[REQUEST2] [WARN ] 2023-01-03 11:03:12 [http-nio-8080-exec-5] [d.be.logbaack.controller.DemoController:16] - log --> WARN
[REQUEST2] [ERROR] 2023-01-03 11:03:12 [http-nio-8080-exec-5] [d.be.logbaack.controller.DemoController:17] - log --> ERROR
[REQUEST2] [INFO ] 2023-01-03 11:03:12 [http-nio-8080-exec-7] [d.be.logbaack.controller.DemoController:15] - log --> INFO
[REQUEST2] [WARN ] 2023-01-03 11:03:12 [http-nio-8080-exec-7] [d.be.logbaack.controller.DemoController:16] - log --> WARN
[REQUEST2] [ERROR] 2023-01-03 11:03:12 [http-nio-8080-exec-7] [d.be.logbaack.controller.DemoController:17] - log --> ERROR
[REQUEST2] [INFO ] 2023-01-03 11:03:12 [http-nio-8080-exec-9] [d.be.logbaack.controller.DemoController:15] - log --> INFO
[REQUEST2] [WARN ] 2023-01-03 11:03:12 [http-nio-8080-exec-9] [d.be.logbaack.controller.DemoController:16] - log --> WARN
[REQUEST2] [ERROR] 2023-01-03 11:03:12 [http-nio-8080-exec-9] [d.be.logbaack.controller.DemoController:17] - log --> ERROR
[REQUEST2] [INFO ] 2023-01-03 11:03:13 [http-nio-8080-exec-1] [d.be.logbaack.controller.DemoController:15] - log --> INFO
[REQUEST2] [WARN ] 2023-01-03 11:03:13 [http-nio-8080-exec-1] [d.be.logbaack.controller.DemoController:16] - log --> WARN
[REQUEST2] [ERROR] 2023-01-03 11:03:13 [http-nio-8080-exec-1] [d.be.logbaack.controller.DemoController:17] - log --> ERROR
